<?xml version="1.0" encoding="UTF-8"?>
<testng-results ignored="0" total="46" passed="38" failed="8" skipped="0">
  <reporter-output>
  </reporter-output>
  <suite started-at="2023-02-28T15:26:25 IST" name="HRMS" finished-at="2023-02-28T15:49:19 IST" duration-ms="1374395">
    <groups>
      <group name="Education">
        <method signature="MastersEducationTest.CourseEditTest()[pri:5, instance:com.hrms.masters.tests.MastersEducationTest@4b34fff9]" name="CourseEditTest" class="com.hrms.masters.tests.MastersEducationTest"/>
        <method signature="MastersEducationTest.CourseTest()[pri:4, instance:com.hrms.masters.tests.MastersEducationTest@4b34fff9]" name="CourseTest" class="com.hrms.masters.tests.MastersEducationTest"/>
        <method signature="MastersEducationTest.DegreeEditTest()[pri:3, instance:com.hrms.masters.tests.MastersEducationTest@4b34fff9]" name="DegreeEditTest" class="com.hrms.masters.tests.MastersEducationTest"/>
        <method signature="MastersEducationTest.DegreeTest()[pri:2, instance:com.hrms.masters.tests.MastersEducationTest@4b34fff9]" name="DegreeTest" class="com.hrms.masters.tests.MastersEducationTest"/>
        <method signature="MastersEducationTest.QualificationEditTest()[pri:1, instance:com.hrms.masters.tests.MastersEducationTest@4b34fff9]" name="QualificationEditTest" class="com.hrms.masters.tests.MastersEducationTest"/>
        <method signature="MastersEducationTest.QualificationTest()[pri:0, instance:com.hrms.masters.tests.MastersEducationTest@4b34fff9]" name="QualificationTest" class="com.hrms.masters.tests.MastersEducationTest"/>
      </group> <!-- Education -->
      <group name="Regression">
        <method signature="MastersEducationTest.CourseEditTest()[pri:5, instance:com.hrms.masters.tests.MastersEducationTest@4b34fff9]" name="CourseEditTest" class="com.hrms.masters.tests.MastersEducationTest"/>
        <method signature="MastersEducationTest.CourseTest()[pri:4, instance:com.hrms.masters.tests.MastersEducationTest@4b34fff9]" name="CourseTest" class="com.hrms.masters.tests.MastersEducationTest"/>
        <method signature="MastersEducationTest.DegreeEditTest()[pri:3, instance:com.hrms.masters.tests.MastersEducationTest@4b34fff9]" name="DegreeEditTest" class="com.hrms.masters.tests.MastersEducationTest"/>
        <method signature="MastersEducationTest.DegreeTest()[pri:2, instance:com.hrms.masters.tests.MastersEducationTest@4b34fff9]" name="DegreeTest" class="com.hrms.masters.tests.MastersEducationTest"/>
        <method signature="MastersEducationTest.QualificationEditTest()[pri:1, instance:com.hrms.masters.tests.MastersEducationTest@4b34fff9]" name="QualificationEditTest" class="com.hrms.masters.tests.MastersEducationTest"/>
        <method signature="MastersEducationTest.QualificationTest()[pri:0, instance:com.hrms.masters.tests.MastersEducationTest@4b34fff9]" name="QualificationTest" class="com.hrms.masters.tests.MastersEducationTest"/>
        <method signature="MastersGeographyTest.AreaEditTest()[pri:7, instance:com.hrms.masters.tests.MastersGeographyTest@704deff2]" name="AreaEditTest" class="com.hrms.masters.tests.MastersGeographyTest"/>
        <method signature="MastersGeographyTest.AreaTest()[pri:6, instance:com.hrms.masters.tests.MastersGeographyTest@704deff2]" name="AreaTest" class="com.hrms.masters.tests.MastersGeographyTest"/>
        <method signature="MastersGeographyTest.CityEditTest()[pri:5, instance:com.hrms.masters.tests.MastersGeographyTest@704deff2]" name="CityEditTest" class="com.hrms.masters.tests.MastersGeographyTest"/>
        <method signature="MastersGeographyTest.CityTest()[pri:4, instance:com.hrms.masters.tests.MastersGeographyTest@704deff2]" name="CityTest" class="com.hrms.masters.tests.MastersGeographyTest"/>
        <method signature="MastersGeographyTest.CountryEditTest()[pri:1, instance:com.hrms.masters.tests.MastersGeographyTest@704deff2]" name="CountryEditTest" class="com.hrms.masters.tests.MastersGeographyTest"/>
        <method signature="MastersGeographyTest.CountryTest()[pri:0, instance:com.hrms.masters.tests.MastersGeographyTest@704deff2]" name="CountryTest" class="com.hrms.masters.tests.MastersGeographyTest"/>
        <method signature="MastersGeographyTest.StateEditTest()[pri:3, instance:com.hrms.masters.tests.MastersGeographyTest@704deff2]" name="StateEditTest" class="com.hrms.masters.tests.MastersGeographyTest"/>
        <method signature="MastersGeographyTest.StateTest()[pri:2, instance:com.hrms.masters.tests.MastersGeographyTest@704deff2]" name="StateTest" class="com.hrms.masters.tests.MastersGeographyTest"/>
        <method signature="MastersGeographyTest.WorklocationEditTest()[pri:9, instance:com.hrms.masters.tests.MastersGeographyTest@704deff2]" name="WorklocationEditTest" class="com.hrms.masters.tests.MastersGeographyTest"/>
        <method signature="MastersGeographyTest.WorklocationTest()[pri:8, instance:com.hrms.masters.tests.MastersGeographyTest@704deff2]" name="WorklocationTest" class="com.hrms.masters.tests.MastersGeographyTest"/>
        <method signature="MastersPersonalTest.BloodGroupEditTest()[pri:9, instance:com.hrms.masters.tests.MastersPersonalTest@34f6515b]" name="BloodGroupEditTest" class="com.hrms.masters.tests.MastersPersonalTest"/>
        <method signature="MastersPersonalTest.BloodGroupTest()[pri:8, instance:com.hrms.masters.tests.MastersPersonalTest@34f6515b]" name="BloodGroupTest" class="com.hrms.masters.tests.MastersPersonalTest"/>
        <method signature="MastersPersonalTest.IdentificationProofEditTest()[pri:11, instance:com.hrms.masters.tests.MastersPersonalTest@34f6515b]" name="IdentificationProofEditTest" class="com.hrms.masters.tests.MastersPersonalTest"/>
        <method signature="MastersPersonalTest.IdentificationProofTest()[pri:10, instance:com.hrms.masters.tests.MastersPersonalTest@34f6515b]" name="IdentificationProofTest" class="com.hrms.masters.tests.MastersPersonalTest"/>
        <method signature="MastersPersonalTest.LanguageEditTest()[pri:5, instance:com.hrms.masters.tests.MastersPersonalTest@34f6515b]" name="LanguageEditTest" class="com.hrms.masters.tests.MastersPersonalTest"/>
        <method signature="MastersPersonalTest.LanguageTest()[pri:4, instance:com.hrms.masters.tests.MastersPersonalTest@34f6515b]" name="LanguageTest" class="com.hrms.masters.tests.MastersPersonalTest"/>
        <method signature="MastersPersonalTest.NationalityEditTest()[pri:3, instance:com.hrms.masters.tests.MastersPersonalTest@34f6515b]" name="NationalityEditTest" class="com.hrms.masters.tests.MastersPersonalTest"/>
        <method signature="MastersPersonalTest.NationalityTest()[pri:2, instance:com.hrms.masters.tests.MastersPersonalTest@34f6515b]" name="NationalityTest" class="com.hrms.masters.tests.MastersPersonalTest"/>
        <method signature="MastersPersonalTest.RelationShipTest()[pri:6, instance:com.hrms.masters.tests.MastersPersonalTest@34f6515b]" name="RelationShipTest" class="com.hrms.masters.tests.MastersPersonalTest"/>
        <method signature="MastersPersonalTest.RelationshipEditTest()[pri:7, instance:com.hrms.masters.tests.MastersPersonalTest@34f6515b]" name="RelationshipEditTest" class="com.hrms.masters.tests.MastersPersonalTest"/>
        <method signature="MastersPersonalTest.ReligionEditTest()[pri:1, instance:com.hrms.masters.tests.MastersPersonalTest@34f6515b]" name="ReligionEditTest" class="com.hrms.masters.tests.MastersPersonalTest"/>
        <method signature="MastersPersonalTest.ReligionTest()[pri:0, instance:com.hrms.masters.tests.MastersPersonalTest@34f6515b]" name="ReligionTest" class="com.hrms.masters.tests.MastersPersonalTest"/>
        <method signature="MastersPositionTest.BusinessUnitEditTest()[pri:5, instance:com.hrms.masters.tests.MastersPositionTest@1187c9e8]" name="BusinessUnitEditTest" class="com.hrms.masters.tests.MastersPositionTest"/>
        <method signature="MastersPositionTest.BusinessUnitTest()[pri:4, instance:com.hrms.masters.tests.MastersPositionTest@1187c9e8]" name="BusinessUnitTest" class="com.hrms.masters.tests.MastersPositionTest"/>
        <method signature="MastersPositionTest.CenterEditTest()[pri:13, instance:com.hrms.masters.tests.MastersPositionTest@1187c9e8]" name="CenterEditTest" class="com.hrms.masters.tests.MastersPositionTest"/>
        <method signature="MastersPositionTest.CenterTest()[pri:12, instance:com.hrms.masters.tests.MastersPositionTest@1187c9e8]" name="CenterTest" class="com.hrms.masters.tests.MastersPositionTest"/>
        <method signature="MastersPositionTest.CostCenterEditTest()[pri:11, instance:com.hrms.masters.tests.MastersPositionTest@1187c9e8]" name="CostCenterEditTest" class="com.hrms.masters.tests.MastersPositionTest"/>
        <method signature="MastersPositionTest.CostCenterTest()[pri:10, instance:com.hrms.masters.tests.MastersPositionTest@1187c9e8]" name="CostCenterTest" class="com.hrms.masters.tests.MastersPositionTest"/>
        <method signature="MastersPositionTest.DepartmentEditTest()[pri:7, instance:com.hrms.masters.tests.MastersPositionTest@1187c9e8]" name="DepartmentEditTest" class="com.hrms.masters.tests.MastersPositionTest"/>
        <method signature="MastersPositionTest.DepartmentTest()[pri:6, instance:com.hrms.masters.tests.MastersPositionTest@1187c9e8]" name="DepartmentTest" class="com.hrms.masters.tests.MastersPositionTest"/>
        <method signature="MastersPositionTest.DesignationEditTest()[pri:3, instance:com.hrms.masters.tests.MastersPositionTest@1187c9e8]" name="DesignationEditTest" class="com.hrms.masters.tests.MastersPositionTest"/>
        <method signature="MastersPositionTest.DesignationTest()[pri:2, instance:com.hrms.masters.tests.MastersPositionTest@1187c9e8]" name="DesignationTest" class="com.hrms.masters.tests.MastersPositionTest"/>
        <method signature="MastersPositionTest.JobLevelEditTest()[pri:1, instance:com.hrms.masters.tests.MastersPositionTest@1187c9e8]" name="JobLevelEditTest" class="com.hrms.masters.tests.MastersPositionTest"/>
        <method signature="MastersPositionTest.JobLevelTest()[pri:0, instance:com.hrms.masters.tests.MastersPositionTest@1187c9e8]" name="JobLevelTest" class="com.hrms.masters.tests.MastersPositionTest"/>
        <method signature="MastersPositionTest.MarketDesignationEditTest()[pri:17, instance:com.hrms.masters.tests.MastersPositionTest@1187c9e8]" name="MarketDesignationEditTest" class="com.hrms.masters.tests.MastersPositionTest"/>
        <method signature="MastersPositionTest.MarketDesignationTest()[pri:16, instance:com.hrms.masters.tests.MastersPositionTest@1187c9e8]" name="MarketDesignationTest" class="com.hrms.masters.tests.MastersPositionTest"/>
        <method signature="MastersPositionTest.PositionCategoryEditTest()[pri:15, instance:com.hrms.masters.tests.MastersPositionTest@1187c9e8]" name="PositionCategoryEditTest" class="com.hrms.masters.tests.MastersPositionTest"/>
        <method signature="MastersPositionTest.PositionCategoryTest()[pri:14, instance:com.hrms.masters.tests.MastersPositionTest@1187c9e8]" name="PositionCategoryTest" class="com.hrms.masters.tests.MastersPositionTest"/>
        <method signature="MastersPositionTest.SubDepartmentEditTest()[pri:9, instance:com.hrms.masters.tests.MastersPositionTest@1187c9e8]" name="SubDepartmentEditTest" class="com.hrms.masters.tests.MastersPositionTest"/>
        <method signature="MastersPositionTest.SubDepartmentTest()[pri:8, instance:com.hrms.masters.tests.MastersPositionTest@1187c9e8]" name="SubDepartmentTest" class="com.hrms.masters.tests.MastersPositionTest"/>
      </group> <!-- Regression -->
    </groups>
    <test started-at="2023-02-28T15:26:25 IST" name="HRMS automation masters" finished-at="2023-02-28T15:49:19 IST" duration-ms="1374395">
      <class name="com.hrms.masters.tests.MastersPersonalTest">
        <test-method is-config="true" signature="setup()[pri:0, instance:com.hrms.masters.tests.MastersPersonalTest@34f6515b]" started-at="2023-02-28T15:30:49 IST" name="setup" finished-at="2023-02-28T15:30:57 IST" duration-ms="8016" status="PASS">
          <reporter-output>
          </reporter-output>
        </test-method> <!-- setup -->
        <test-method is-config="true" signature="login()[pri:0, instance:com.hrms.masters.tests.MastersPersonalTest@34f6515b]" started-at="2023-02-28T15:30:57 IST" name="login" finished-at="2023-02-28T15:31:14 IST" duration-ms="17268" status="PASS">
          <reporter-output>
          </reporter-output>
        </test-method> <!-- login -->
        <test-method signature="ReligionTest()[pri:0, instance:com.hrms.masters.tests.MastersPersonalTest@34f6515b]" started-at="2023-02-28T15:31:14 IST" name="ReligionTest" finished-at="2023-02-28T15:31:31 IST" duration-ms="16948" status="PASS">
          <reporter-output>
          </reporter-output>
        </test-method> <!-- ReligionTest -->
        <test-method signature="ReligionEditTest()[pri:1, instance:com.hrms.masters.tests.MastersPersonalTest@34f6515b]" started-at="2023-02-28T15:31:31 IST" name="ReligionEditTest" finished-at="2023-02-28T15:32:36 IST" duration-ms="64944" status="PASS">
          <reporter-output>
          </reporter-output>
        </test-method> <!-- ReligionEditTest -->
        <test-method signature="NationalityTest()[pri:2, instance:com.hrms.masters.tests.MastersPersonalTest@34f6515b]" started-at="2023-02-28T15:32:36 IST" name="NationalityTest" finished-at="2023-02-28T15:32:48 IST" duration-ms="11299" status="PASS">
          <reporter-output>
          </reporter-output>
        </test-method> <!-- NationalityTest -->
        <test-method signature="NationalityEditTest()[pri:3, instance:com.hrms.masters.tests.MastersPersonalTest@34f6515b]" started-at="2023-02-28T15:32:48 IST" name="NationalityEditTest" finished-at="2023-02-28T15:32:52 IST" duration-ms="4806" status="PASS">
          <reporter-output>
          </reporter-output>
        </test-method> <!-- NationalityEditTest -->
        <test-method signature="LanguageTest()[pri:4, instance:com.hrms.masters.tests.MastersPersonalTest@34f6515b]" started-at="2023-02-28T15:32:52 IST" name="LanguageTest" finished-at="2023-02-28T15:35:42 IST" duration-ms="169446" status="FAIL">
          <exception class="java.lang.IndexOutOfBoundsException">
            <message>
              <![CDATA[Index 0 out of bounds for length 0]]>
            </message>
            <full-stacktrace>
              <![CDATA[java.lang.IndexOutOfBoundsException: Index 0 out of bounds for length 0
at java.base/jdk.internal.util.Preconditions.outOfBounds(Preconditions.java:64)
at java.base/jdk.internal.util.Preconditions.outOfBoundsCheckIndex(Preconditions.java:70)
at java.base/jdk.internal.util.Preconditions.checkIndex(Preconditions.java:248)
at java.base/java.util.Objects.checkIndex(Objects.java:372)
at java.base/java.util.ArrayList.get(ArrayList.java:459)
at com.hrms.pageactions.masters.MastersPersonal.LanguageCheck(MastersPersonal.java:255)
at com.hrms.masters.tests.MastersPersonalTest.LanguageTest(MastersPersonalTest.java:44)
at java.base/jdk.internal.reflect.NativeMethodAccessorImpl.invoke0(Native Method)
at java.base/jdk.internal.reflect.NativeMethodAccessorImpl.invoke(NativeMethodAccessorImpl.java:62)
at java.base/jdk.internal.reflect.DelegatingMethodAccessorImpl.invoke(DelegatingMethodAccessorImpl.java:43)
at java.base/java.lang.reflect.Method.invoke(Method.java:566)
at org.testng.internal.MethodInvocationHelper.invokeMethod(MethodInvocationHelper.java:133)
at org.testng.internal.TestInvoker.invokeMethod(TestInvoker.java:598)
at org.testng.internal.TestInvoker.invokeTestMethod(TestInvoker.java:173)
at org.testng.internal.MethodRunner.runInSequence(MethodRunner.java:46)
at org.testng.internal.TestInvoker$MethodInvocationAgent.invoke(TestInvoker.java:824)
at org.testng.internal.TestInvoker.invokeTestMethods(TestInvoker.java:146)
at org.testng.internal.TestMethodWorker.invokeTestMethods(TestMethodWorker.java:146)
at org.testng.internal.TestMethodWorker.run(TestMethodWorker.java:128)
at java.base/java.util.ArrayList.forEach(ArrayList.java:1541)
at org.testng.TestRunner.privateRun(TestRunner.java:794)
at org.testng.TestRunner.run(TestRunner.java:596)
at org.testng.SuiteRunner.runTest(SuiteRunner.java:377)
at org.testng.SuiteRunner.runSequentially(SuiteRunner.java:371)
at org.testng.SuiteRunner.privateRun(SuiteRunner.java:332)
at org.testng.SuiteRunner.run(SuiteRunner.java:276)
at org.testng.SuiteRunnerWorker.runSuite(SuiteRunnerWorker.java:53)
at org.testng.SuiteRunnerWorker.run(SuiteRunnerWorker.java:96)
at org.testng.TestNG.runSuitesSequentially(TestNG.java:1212)
at org.testng.TestNG.runSuitesLocally(TestNG.java:1134)
at org.testng.TestNG.runSuites(TestNG.java:1063)
at org.testng.TestNG.run(TestNG.java:1031)
at org.testng.remote.AbstractRemoteTestNG.run(AbstractRemoteTestNG.java:115)
at org.testng.remote.RemoteTestNG.initAndRun(RemoteTestNG.java:251)
at org.testng.remote.RemoteTestNG.main(RemoteTestNG.java:77)
]]>
            </full-stacktrace>
          </exception> <!-- java.lang.IndexOutOfBoundsException -->
          <reporter-output>
          </reporter-output>
        </test-method> <!-- LanguageTest -->
        <test-method signature="LanguageEditTest()[pri:5, instance:com.hrms.masters.tests.MastersPersonalTest@34f6515b]" started-at="2023-02-28T15:35:42 IST" name="LanguageEditTest" finished-at="2023-02-28T15:37:07 IST" duration-ms="85494" status="PASS">
          <reporter-output>
          </reporter-output>
        </test-method> <!-- LanguageEditTest -->
        <test-method signature="RelationShipTest()[pri:6, instance:com.hrms.masters.tests.MastersPersonalTest@34f6515b]" started-at="2023-02-28T15:37:07 IST" name="RelationShipTest" finished-at="2023-02-28T15:37:19 IST" duration-ms="11846" status="PASS">
          <reporter-output>
          </reporter-output>
        </test-method> <!-- RelationShipTest -->
        <test-method signature="RelationshipEditTest()[pri:7, instance:com.hrms.masters.tests.MastersPersonalTest@34f6515b]" started-at="2023-02-28T15:37:19 IST" name="RelationshipEditTest" finished-at="2023-02-28T15:38:05 IST" duration-ms="45807" status="PASS">
          <reporter-output>
          </reporter-output>
        </test-method> <!-- RelationshipEditTest -->
        <test-method signature="BloodGroupTest()[pri:8, instance:com.hrms.masters.tests.MastersPersonalTest@34f6515b]" started-at="2023-02-28T15:38:05 IST" name="BloodGroupTest" finished-at="2023-02-28T15:38:18 IST" duration-ms="12686" status="PASS">
          <reporter-output>
          </reporter-output>
        </test-method> <!-- BloodGroupTest -->
        <test-method signature="BloodGroupEditTest()[pri:9, instance:com.hrms.masters.tests.MastersPersonalTest@34f6515b]" started-at="2023-02-28T15:38:18 IST" name="BloodGroupEditTest" finished-at="2023-02-28T15:38:23 IST" duration-ms="5197" status="PASS">
          <reporter-output>
          </reporter-output>
        </test-method> <!-- BloodGroupEditTest -->
        <test-method signature="IdentificationProofTest()[pri:10, instance:com.hrms.masters.tests.MastersPersonalTest@34f6515b]" started-at="2023-02-28T15:38:23 IST" name="IdentificationProofTest" finished-at="2023-02-28T15:40:53 IST" duration-ms="150280" status="FAIL">
          <exception class="java.lang.IndexOutOfBoundsException">
            <message>
              <![CDATA[Index 0 out of bounds for length 0]]>
            </message>
            <full-stacktrace>
              <![CDATA[java.lang.IndexOutOfBoundsException: Index 0 out of bounds for length 0
at java.base/jdk.internal.util.Preconditions.outOfBounds(Preconditions.java:64)
at java.base/jdk.internal.util.Preconditions.outOfBoundsCheckIndex(Preconditions.java:70)
at java.base/jdk.internal.util.Preconditions.checkIndex(Preconditions.java:248)
at java.base/java.util.Objects.checkIndex(Objects.java:372)
at java.base/java.util.ArrayList.get(ArrayList.java:459)
at com.hrms.pageactions.masters.MastersPersonal.IdentificationProofCheck(MastersPersonal.java:528)
at com.hrms.masters.tests.MastersPersonalTest.IdentificationProofTest(MastersPersonalTest.java:79)
at java.base/jdk.internal.reflect.NativeMethodAccessorImpl.invoke0(Native Method)
at java.base/jdk.internal.reflect.NativeMethodAccessorImpl.invoke(NativeMethodAccessorImpl.java:62)
at java.base/jdk.internal.reflect.DelegatingMethodAccessorImpl.invoke(DelegatingMethodAccessorImpl.java:43)
at java.base/java.lang.reflect.Method.invoke(Method.java:566)
at org.testng.internal.MethodInvocationHelper.invokeMethod(MethodInvocationHelper.java:133)
at org.testng.internal.TestInvoker.invokeMethod(TestInvoker.java:598)
at org.testng.internal.TestInvoker.invokeTestMethod(TestInvoker.java:173)
at org.testng.internal.MethodRunner.runInSequence(MethodRunner.java:46)
at org.testng.internal.TestInvoker$MethodInvocationAgent.invoke(TestInvoker.java:824)
at org.testng.internal.TestInvoker.invokeTestMethods(TestInvoker.java:146)
at org.testng.internal.TestMethodWorker.invokeTestMethods(TestMethodWorker.java:146)
at org.testng.internal.TestMethodWorker.run(TestMethodWorker.java:128)
at java.base/java.util.ArrayList.forEach(ArrayList.java:1541)
at org.testng.TestRunner.privateRun(TestRunner.java:794)
at org.testng.TestRunner.run(TestRunner.java:596)
at org.testng.SuiteRunner.runTest(SuiteRunner.java:377)
at org.testng.SuiteRunner.runSequentially(SuiteRunner.java:371)
at org.testng.SuiteRunner.privateRun(SuiteRunner.java:332)
at org.testng.SuiteRunner.run(SuiteRunner.java:276)
at org.testng.SuiteRunnerWorker.runSuite(SuiteRunnerWorker.java:53)
at org.testng.SuiteRunnerWorker.run(SuiteRunnerWorker.java:96)
at org.testng.TestNG.runSuitesSequentially(TestNG.java:1212)
at org.testng.TestNG.runSuitesLocally(TestNG.java:1134)
at org.testng.TestNG.runSuites(TestNG.java:1063)
at org.testng.TestNG.run(TestNG.java:1031)
at org.testng.remote.AbstractRemoteTestNG.run(AbstractRemoteTestNG.java:115)
at org.testng.remote.RemoteTestNG.initAndRun(RemoteTestNG.java:251)
at org.testng.remote.RemoteTestNG.main(RemoteTestNG.java:77)
]]>
            </full-stacktrace>
          </exception> <!-- java.lang.IndexOutOfBoundsException -->
          <reporter-output>
          </reporter-output>
        </test-method> <!-- IdentificationProofTest -->
        <test-method signature="IdentificationProofEditTest()[pri:11, instance:com.hrms.masters.tests.MastersPersonalTest@34f6515b]" started-at="2023-02-28T15:40:53 IST" name="IdentificationProofEditTest" finished-at="2023-02-28T15:41:40 IST" duration-ms="46362" status="PASS">
          <reporter-output>
          </reporter-output>
        </test-method> <!-- IdentificationProofEditTest -->
        <test-method is-config="true" signature="tearDown()[pri:0, instance:com.hrms.masters.tests.MastersPersonalTest@34f6515b]" started-at="2023-02-28T15:41:40 IST" name="tearDown" finished-at="2023-02-28T15:41:41 IST" duration-ms="1581" status="PASS">
          <reporter-output>
          </reporter-output>
        </test-method> <!-- tearDown -->
      </class> <!-- com.hrms.masters.tests.MastersPersonalTest -->
      <class name="com.hrms.masters.tests.MastersGeographyTest">
        <test-method is-config="true" signature="setup()[pri:0, instance:com.hrms.masters.tests.MastersGeographyTest@704deff2]" started-at="2023-02-28T15:26:25 IST" name="setup" finished-at="2023-02-28T15:26:42 IST" duration-ms="16738" status="PASS">
          <reporter-output>
          </reporter-output>
        </test-method> <!-- setup -->
        <test-method is-config="true" signature="login()[pri:0, instance:com.hrms.masters.tests.MastersGeographyTest@704deff2]" started-at="2023-02-28T15:26:42 IST" name="login" finished-at="2023-02-28T15:26:59 IST" duration-ms="17005" status="PASS">
          <reporter-output>
          </reporter-output>
        </test-method> <!-- login -->
        <test-method signature="CountryTest()[pri:0, instance:com.hrms.masters.tests.MastersGeographyTest@704deff2]" started-at="2023-02-28T15:26:59 IST" name="CountryTest" finished-at="2023-02-28T15:27:18 IST" duration-ms="19644" status="PASS">
          <reporter-output>
          </reporter-output>
        </test-method> <!-- CountryTest -->
        <test-method signature="CountryEditTest()[pri:1, instance:com.hrms.masters.tests.MastersGeographyTest@704deff2]" started-at="2023-02-28T15:27:18 IST" name="CountryEditTest" finished-at="2023-02-28T15:27:22 IST" duration-ms="3204" status="PASS">
          <reporter-output>
          </reporter-output>
        </test-method> <!-- CountryEditTest -->
        <test-method signature="StateTest()[pri:2, instance:com.hrms.masters.tests.MastersGeographyTest@704deff2]" started-at="2023-02-28T15:27:22 IST" name="StateTest" finished-at="2023-02-28T15:27:28 IST" duration-ms="6552" status="FAIL">
          <exception class="org.openqa.selenium.StaleElementReferenceException">
            <message>
              <![CDATA[stale element reference: element is not attached to the page document
  (Session info: chrome=110.0.5481.178)
For documentation on this error, please visit: https://selenium.dev/exceptions/#stale_element_reference
Build info: version: '4.7.2', revision: '4d4020c3b7'
System info: os.name: 'Windows 10', os.arch: 'amd64', os.version: '10.0', java.version: '11.0.9'
Driver info: org.openqa.selenium.chrome.ChromeDriver
Command: [3df92f63beac7dd29bfb7a2f30b3282c, getElementAttribute {id=20ef9a32-ccdb-4a97-bbd7-5d5cd6c21da0, name=innerText}]
Capabilities {acceptInsecureCerts: false, browserName: chrome, browserVersion: 110.0.5481.178, chrome: {chromedriverVersion: 110.0.5481.77 (65ed616c6e8e..., userDataDir: C:\Users\angap\AppData\Loca...}, goog:chromeOptions: {debuggerAddress: localhost:60215}, networkConnectionEnabled: false, pageLoadStrategy: normal, platformName: WINDOWS, proxy: Proxy(), se:cdp: ws://localhost:60215/devtoo..., se:cdpVersion: 110.0.5481.178, setWindowRect: true, strictFileInteractability: false, timeouts: {implicit: 0, pageLoad: 300000, script: 30000}, unhandledPromptBehavior: dismiss and notify, webauthn:extension:credBlob: true, webauthn:extension:largeBlob: true, webauthn:virtualAuthenticators: true}
Element: [[ChromeDriver: chrome on WINDOWS (3df92f63beac7dd29bfb7a2f30b3282c)] -> xpath: //div[@class='toast-message']]
Session ID: 3df92f63beac7dd29bfb7a2f30b3282c]]>
            </message>
            <full-stacktrace>
              <![CDATA[org.openqa.selenium.StaleElementReferenceException: stale element reference: element is not attached to the page document
  (Session info: chrome=110.0.5481.178)
For documentation on this error, please visit: https://selenium.dev/exceptions/#stale_element_reference
Build info: version: '4.7.2', revision: '4d4020c3b7'
System info: os.name: 'Windows 10', os.arch: 'amd64', os.version: '10.0', java.version: '11.0.9'
Driver info: org.openqa.selenium.chrome.ChromeDriver
Command: [3df92f63beac7dd29bfb7a2f30b3282c, getElementAttribute {id=20ef9a32-ccdb-4a97-bbd7-5d5cd6c21da0, name=innerText}]
Capabilities {acceptInsecureCerts: false, browserName: chrome, browserVersion: 110.0.5481.178, chrome: {chromedriverVersion: 110.0.5481.77 (65ed616c6e8e..., userDataDir: C:\Users\angap\AppData\Loca...}, goog:chromeOptions: {debuggerAddress: localhost:60215}, networkConnectionEnabled: false, pageLoadStrategy: normal, platformName: WINDOWS, proxy: Proxy(), se:cdp: ws://localhost:60215/devtoo..., se:cdpVersion: 110.0.5481.178, setWindowRect: true, strictFileInteractability: false, timeouts: {implicit: 0, pageLoad: 300000, script: 30000}, unhandledPromptBehavior: dismiss and notify, webauthn:extension:credBlob: true, webauthn:extension:largeBlob: true, webauthn:virtualAuthenticators: true}
Element: [[ChromeDriver: chrome on WINDOWS (3df92f63beac7dd29bfb7a2f30b3282c)] -> xpath: //div[@class='toast-message']]
Session ID: 3df92f63beac7dd29bfb7a2f30b3282c
at java.base/jdk.internal.reflect.NativeConstructorAccessorImpl.newInstance0(Native Method)
at java.base/jdk.internal.reflect.NativeConstructorAccessorImpl.newInstance(NativeConstructorAccessorImpl.java:62)
at java.base/jdk.internal.reflect.DelegatingConstructorAccessorImpl.newInstance(DelegatingConstructorAccessorImpl.java:45)
at java.base/java.lang.reflect.Constructor.newInstance(Constructor.java:490)
at org.openqa.selenium.remote.codec.w3c.W3CHttpResponseCodec.createException(W3CHttpResponseCodec.java:200)
at org.openqa.selenium.remote.codec.w3c.W3CHttpResponseCodec.decode(W3CHttpResponseCodec.java:133)
at org.openqa.selenium.remote.codec.w3c.W3CHttpResponseCodec.decode(W3CHttpResponseCodec.java:53)
at org.openqa.selenium.remote.HttpCommandExecutor.execute(HttpCommandExecutor.java:184)
at org.openqa.selenium.remote.service.DriverCommandExecutor.invokeExecute(DriverCommandExecutor.java:167)
at org.openqa.selenium.remote.service.DriverCommandExecutor.execute(DriverCommandExecutor.java:142)
at org.openqa.selenium.remote.RemoteWebDriver.execute(RemoteWebDriver.java:535)
at org.openqa.selenium.remote.RemoteWebElement.execute(RemoteWebElement.java:257)
at org.openqa.selenium.remote.RemoteWebElement.getAttribute(RemoteWebElement.java:158)
at com.hrms.driverfactory.Driverfactory.toasterMessage(Driverfactory.java:205)
at com.hrms.pageactions.masters.MastersGeography.StateCheck(MastersGeography.java:140)
at com.hrms.masters.tests.MastersGeographyTest.StateTest(MastersGeographyTest.java:33)
at java.base/jdk.internal.reflect.NativeMethodAccessorImpl.invoke0(Native Method)
at java.base/jdk.internal.reflect.NativeMethodAccessorImpl.invoke(NativeMethodAccessorImpl.java:62)
at java.base/jdk.internal.reflect.DelegatingMethodAccessorImpl.invoke(DelegatingMethodAccessorImpl.java:43)
at java.base/java.lang.reflect.Method.invoke(Method.java:566)
at org.testng.internal.MethodInvocationHelper.invokeMethod(MethodInvocationHelper.java:133)
at org.testng.internal.TestInvoker.invokeMethod(TestInvoker.java:598)
at org.testng.internal.TestInvoker.invokeTestMethod(TestInvoker.java:173)
at org.testng.internal.MethodRunner.runInSequence(MethodRunner.java:46)
at org.testng.internal.TestInvoker$MethodInvocationAgent.invoke(TestInvoker.java:824)
at org.testng.internal.TestInvoker.invokeTestMethods(TestInvoker.java:146)
at org.testng.internal.TestMethodWorker.invokeTestMethods(TestMethodWorker.java:146)
at org.testng.internal.TestMethodWorker.run(TestMethodWorker.java:128)
at java.base/java.util.ArrayList.forEach(ArrayList.java:1541)
at org.testng.TestRunner.privateRun(TestRunner.java:794)
at org.testng.TestRunner.run(TestRunner.java:596)
at org.testng.SuiteRunner.runTest(SuiteRunner.java:377)
at org.testng.SuiteRunner.runSequentially(SuiteRunner.java:371)
at org.testng.SuiteRunner.privateRun(SuiteRunner.java:332)
at org.testng.SuiteRunner.run(SuiteRunner.java:276)
at org.testng.SuiteRunnerWorker.runSuite(SuiteRunnerWorker.java:53)
at org.testng.SuiteRunnerWorker.run(SuiteRunnerWorker.java:96)
at org.testng.TestNG.runSuitesSequentially(TestNG.java:1212)
at org.testng.TestNG.runSuitesLocally(TestNG.java:1134)
at org.testng.TestNG.runSuites(TestNG.java:1063)
at org.testng.TestNG.run(TestNG.java:1031)
at org.testng.remote.AbstractRemoteTestNG.run(AbstractRemoteTestNG.java:115)
at org.testng.remote.RemoteTestNG.initAndRun(RemoteTestNG.java:251)
at org.testng.remote.RemoteTestNG.main(RemoteTestNG.java:77)
]]>
            </full-stacktrace>
          </exception> <!-- org.openqa.selenium.StaleElementReferenceException -->
          <reporter-output>
          </reporter-output>
        </test-method> <!-- StateTest -->
        <test-method signature="StateEditTest()[pri:3, instance:com.hrms.masters.tests.MastersGeographyTest@704deff2]" started-at="2023-02-28T15:27:28 IST" name="StateEditTest" finished-at="2023-02-28T15:28:13 IST" duration-ms="44784" status="PASS">
          <reporter-output>
          </reporter-output>
        </test-method> <!-- StateEditTest -->
        <test-method signature="CityTest()[pri:4, instance:com.hrms.masters.tests.MastersGeographyTest@704deff2]" started-at="2023-02-28T15:28:13 IST" name="CityTest" finished-at="2023-02-28T15:28:31 IST" duration-ms="18271" status="PASS">
          <reporter-output>
          </reporter-output>
        </test-method> <!-- CityTest -->
        <test-method signature="CityEditTest()[pri:5, instance:com.hrms.masters.tests.MastersGeographyTest@704deff2]" started-at="2023-02-28T15:28:31 IST" name="CityEditTest" finished-at="2023-02-28T15:28:35 IST" duration-ms="3244" status="PASS">
          <reporter-output>
          </reporter-output>
        </test-method> <!-- CityEditTest -->
        <test-method signature="AreaTest()[pri:6, instance:com.hrms.masters.tests.MastersGeographyTest@704deff2]" started-at="2023-02-28T15:28:35 IST" name="AreaTest" finished-at="2023-02-28T15:29:15 IST" duration-ms="40209" status="PASS">
          <reporter-output>
          </reporter-output>
        </test-method> <!-- AreaTest -->
        <test-method signature="AreaEditTest()[pri:7, instance:com.hrms.masters.tests.MastersGeographyTest@704deff2]" started-at="2023-02-28T15:29:15 IST" name="AreaEditTest" finished-at="2023-02-28T15:29:38 IST" duration-ms="23173" status="PASS">
          <reporter-output>
          </reporter-output>
        </test-method> <!-- AreaEditTest -->
        <test-method signature="WorklocationTest()[pri:8, instance:com.hrms.masters.tests.MastersGeographyTest@704deff2]" started-at="2023-02-28T15:29:38 IST" name="WorklocationTest" finished-at="2023-02-28T15:30:05 IST" duration-ms="27352" status="FAIL">
          <exception class="org.openqa.selenium.NoSuchElementException">
            <message>
              <![CDATA[no such element: Unable to locate element: {"method":"xpath","selector":"//*[@id='countryId']"}
  (Session info: chrome=110.0.5481.178)
For documentation on this error, please visit: https://selenium.dev/exceptions/#no_such_element
Build info: version: '4.7.2', revision: '4d4020c3b7'
System info: os.name: 'Windows 10', os.arch: 'amd64', os.version: '10.0', java.version: '11.0.9'
Driver info: org.openqa.selenium.chrome.ChromeDriver
Command: [3df92f63beac7dd29bfb7a2f30b3282c, findElement {using=xpath, value=//*[@id='countryId']}]
Capabilities {acceptInsecureCerts: false, browserName: chrome, browserVersion: 110.0.5481.178, chrome: {chromedriverVersion: 110.0.5481.77 (65ed616c6e8e..., userDataDir: C:\Users\angap\AppData\Loca...}, goog:chromeOptions: {debuggerAddress: localhost:60215}, networkConnectionEnabled: false, pageLoadStrategy: normal, platformName: WINDOWS, proxy: Proxy(), se:cdp: ws://localhost:60215/devtoo..., se:cdpVersion: 110.0.5481.178, setWindowRect: true, strictFileInteractability: false, timeouts: {implicit: 0, pageLoad: 300000, script: 30000}, unhandledPromptBehavior: dismiss and notify, webauthn:extension:credBlob: true, webauthn:extension:largeBlob: true, webauthn:virtualAuthenticators: true}
Session ID: 3df92f63beac7dd29bfb7a2f30b3282c]]>
            </message>
            <full-stacktrace>
              <![CDATA[org.openqa.selenium.NoSuchElementException: no such element: Unable to locate element: {"method":"xpath","selector":"//*[@id='countryId']"}
  (Session info: chrome=110.0.5481.178)
For documentation on this error, please visit: https://selenium.dev/exceptions/#no_such_element
Build info: version: '4.7.2', revision: '4d4020c3b7'
System info: os.name: 'Windows 10', os.arch: 'amd64', os.version: '10.0', java.version: '11.0.9'
Driver info: org.openqa.selenium.chrome.ChromeDriver
Command: [3df92f63beac7dd29bfb7a2f30b3282c, findElement {using=xpath, value=//*[@id='countryId']}]
Capabilities {acceptInsecureCerts: false, browserName: chrome, browserVersion: 110.0.5481.178, chrome: {chromedriverVersion: 110.0.5481.77 (65ed616c6e8e..., userDataDir: C:\Users\angap\AppData\Loca...}, goog:chromeOptions: {debuggerAddress: localhost:60215}, networkConnectionEnabled: false, pageLoadStrategy: normal, platformName: WINDOWS, proxy: Proxy(), se:cdp: ws://localhost:60215/devtoo..., se:cdpVersion: 110.0.5481.178, setWindowRect: true, strictFileInteractability: false, timeouts: {implicit: 0, pageLoad: 300000, script: 30000}, unhandledPromptBehavior: dismiss and notify, webauthn:extension:credBlob: true, webauthn:extension:largeBlob: true, webauthn:virtualAuthenticators: true}
Session ID: 3df92f63beac7dd29bfb7a2f30b3282c
at java.base/jdk.internal.reflect.NativeConstructorAccessorImpl.newInstance0(Native Method)
at java.base/jdk.internal.reflect.NativeConstructorAccessorImpl.newInstance(NativeConstructorAccessorImpl.java:62)
at java.base/jdk.internal.reflect.DelegatingConstructorAccessorImpl.newInstance(DelegatingConstructorAccessorImpl.java:45)
at java.base/java.lang.reflect.Constructor.newInstance(Constructor.java:490)
at org.openqa.selenium.remote.codec.w3c.W3CHttpResponseCodec.createException(W3CHttpResponseCodec.java:200)
at org.openqa.selenium.remote.codec.w3c.W3CHttpResponseCodec.decode(W3CHttpResponseCodec.java:133)
at org.openqa.selenium.remote.codec.w3c.W3CHttpResponseCodec.decode(W3CHttpResponseCodec.java:53)
at org.openqa.selenium.remote.HttpCommandExecutor.execute(HttpCommandExecutor.java:184)
at org.openqa.selenium.remote.service.DriverCommandExecutor.invokeExecute(DriverCommandExecutor.java:167)
at org.openqa.selenium.remote.service.DriverCommandExecutor.execute(DriverCommandExecutor.java:142)
at org.openqa.selenium.remote.RemoteWebDriver.execute(RemoteWebDriver.java:535)
at org.openqa.selenium.remote.ElementLocation$ElementFinder$2.findElement(ElementLocation.java:162)
at org.openqa.selenium.remote.ElementLocation.findElement(ElementLocation.java:60)
at org.openqa.selenium.remote.RemoteWebDriver.findElement(RemoteWebDriver.java:351)
at org.openqa.selenium.remote.RemoteWebDriver.findElement(RemoteWebDriver.java:343)
at com.hrms.Utils.ElementUtils.getElement(ElementUtils.java:79)
at com.hrms.Utils.ElementUtils.doSelectByVisibleText(ElementUtils.java:169)
at com.hrms.pageactions.masters.MastersGeography.WorklocationCheck(MastersGeography.java:495)
at com.hrms.masters.tests.MastersGeographyTest.WorklocationTest(MastersGeographyTest.java:70)
at java.base/jdk.internal.reflect.NativeMethodAccessorImpl.invoke0(Native Method)
at java.base/jdk.internal.reflect.NativeMethodAccessorImpl.invoke(NativeMethodAccessorImpl.java:62)
at java.base/jdk.internal.reflect.DelegatingMethodAccessorImpl.invoke(DelegatingMethodAccessorImpl.java:43)
at java.base/java.lang.reflect.Method.invoke(Method.java:566)
at org.testng.internal.MethodInvocationHelper.invokeMethod(MethodInvocationHelper.java:133)
at org.testng.internal.TestInvoker.invokeMethod(TestInvoker.java:598)
at org.testng.internal.TestInvoker.invokeTestMethod(TestInvoker.java:173)
at org.testng.internal.MethodRunner.runInSequence(MethodRunner.java:46)
at org.testng.internal.TestInvoker$MethodInvocationAgent.invoke(TestInvoker.java:824)
at org.testng.internal.TestInvoker.invokeTestMethods(TestInvoker.java:146)
at org.testng.internal.TestMethodWorker.invokeTestMethods(TestMethodWorker.java:146)
at org.testng.internal.TestMethodWorker.run(TestMethodWorker.java:128)
at java.base/java.util.ArrayList.forEach(ArrayList.java:1541)
at org.testng.TestRunner.privateRun(TestRunner.java:794)
at org.testng.TestRunner.run(TestRunner.java:596)
at org.testng.SuiteRunner.runTest(SuiteRunner.java:377)
at org.testng.SuiteRunner.runSequentially(SuiteRunner.java:371)
at org.testng.SuiteRunner.privateRun(SuiteRunner.java:332)
at org.testng.SuiteRunner.run(SuiteRunner.java:276)
at org.testng.SuiteRunnerWorker.runSuite(SuiteRunnerWorker.java:53)
at org.testng.SuiteRunnerWorker.run(SuiteRunnerWorker.java:96)
at org.testng.TestNG.runSuitesSequentially(TestNG.java:1212)
at org.testng.TestNG.runSuitesLocally(TestNG.java:1134)
at org.testng.TestNG.runSuites(TestNG.java:1063)
at org.testng.TestNG.run(TestNG.java:1031)
at org.testng.remote.AbstractRemoteTestNG.run(AbstractRemoteTestNG.java:115)
at org.testng.remote.RemoteTestNG.initAndRun(RemoteTestNG.java:251)
at org.testng.remote.RemoteTestNG.main(RemoteTestNG.java:77)
]]>
            </full-stacktrace>
          </exception> <!-- org.openqa.selenium.NoSuchElementException -->
          <reporter-output>
          </reporter-output>
        </test-method> <!-- WorklocationTest -->
        <test-method signature="WorklocationEditTest()[pri:9, instance:com.hrms.masters.tests.MastersGeographyTest@704deff2]" started-at="2023-02-28T15:30:05 IST" name="WorklocationEditTest" finished-at="2023-02-28T15:30:48 IST" duration-ms="42488" status="PASS">
          <reporter-output>
          </reporter-output>
        </test-method> <!-- WorklocationEditTest -->
        <test-method is-config="true" signature="tearDown()[pri:0, instance:com.hrms.masters.tests.MastersGeographyTest@704deff2]" started-at="2023-02-28T15:30:48 IST" name="tearDown" finished-at="2023-02-28T15:30:49 IST" duration-ms="1033" status="PASS">
          <reporter-output>
          </reporter-output>
        </test-method> <!-- tearDown -->
      </class> <!-- com.hrms.masters.tests.MastersGeographyTest -->
      <class name="com.hrms.masters.tests.MastersEducationTest">
        <test-method is-config="true" signature="setup()[pri:0, instance:com.hrms.masters.tests.MastersEducationTest@4b34fff9]" started-at="2023-02-28T15:41:41 IST" name="setup" finished-at="2023-02-28T15:41:49 IST" duration-ms="7804" status="PASS">
          <reporter-output>
          </reporter-output>
        </test-method> <!-- setup -->
        <test-method is-config="true" signature="login()[pri:0, instance:com.hrms.masters.tests.MastersEducationTest@4b34fff9]" started-at="2023-02-28T15:41:49 IST" name="login" finished-at="2023-02-28T15:42:07 IST" duration-ms="17664" status="PASS">
          <reporter-output>
          </reporter-output>
        </test-method> <!-- login -->
        <test-method signature="QualificationTest()[pri:0, instance:com.hrms.masters.tests.MastersEducationTest@4b34fff9]" started-at="2023-02-28T15:42:07 IST" name="QualificationTest" finished-at="2023-02-28T15:42:20 IST" duration-ms="13586" status="PASS">
          <reporter-output>
          </reporter-output>
        </test-method> <!-- QualificationTest -->
        <test-method signature="QualificationEditTest()[pri:1, instance:com.hrms.masters.tests.MastersEducationTest@4b34fff9]" started-at="2023-02-28T15:42:20 IST" name="QualificationEditTest" finished-at="2023-02-28T15:42:25 IST" duration-ms="4722" status="PASS">
          <reporter-output>
          </reporter-output>
        </test-method> <!-- QualificationEditTest -->
        <test-method signature="DegreeTest()[pri:2, instance:com.hrms.masters.tests.MastersEducationTest@4b34fff9]" started-at="2023-02-28T15:42:25 IST" name="DegreeTest" finished-at="2023-02-28T15:42:46 IST" duration-ms="20655" status="PASS">
          <reporter-output>
          </reporter-output>
        </test-method> <!-- DegreeTest -->
        <test-method signature="DegreeEditTest()[pri:3, instance:com.hrms.masters.tests.MastersEducationTest@4b34fff9]" started-at="2023-02-28T15:42:46 IST" name="DegreeEditTest" finished-at="2023-02-28T15:43:15 IST" duration-ms="28944" status="PASS">
          <reporter-output>
          </reporter-output>
        </test-method> <!-- DegreeEditTest -->
        <test-method signature="CourseTest()[pri:4, instance:com.hrms.masters.tests.MastersEducationTest@4b34fff9]" started-at="2023-02-28T15:43:15 IST" name="CourseTest" finished-at="2023-02-28T15:43:47 IST" duration-ms="31844" status="FAIL">
          <exception class="org.openqa.selenium.NoSuchElementException">
            <message>
              <![CDATA[no such element: Unable to locate element: {"method":"xpath","selector":"//*[@id='degreeId']"}
  (Session info: chrome=110.0.5481.178)
For documentation on this error, please visit: https://selenium.dev/exceptions/#no_such_element
Build info: version: '4.7.2', revision: '4d4020c3b7'
System info: os.name: 'Windows 10', os.arch: 'amd64', os.version: '10.0', java.version: '11.0.9'
Driver info: org.openqa.selenium.chrome.ChromeDriver
Command: [12cef49f7c4eb5ddee7613dfea7e2acd, findElement {using=xpath, value=//*[@id='degreeId']}]
Capabilities {acceptInsecureCerts: false, browserName: chrome, browserVersion: 110.0.5481.178, chrome: {chromedriverVersion: 110.0.5481.77 (65ed616c6e8e..., userDataDir: C:\Users\angap\AppData\Loca...}, goog:chromeOptions: {debuggerAddress: localhost:61169}, networkConnectionEnabled: false, pageLoadStrategy: normal, platformName: WINDOWS, proxy: Proxy(), se:cdp: ws://localhost:61169/devtoo..., se:cdpVersion: 110.0.5481.178, setWindowRect: true, strictFileInteractability: false, timeouts: {implicit: 0, pageLoad: 300000, script: 30000}, unhandledPromptBehavior: dismiss and notify, webauthn:extension:credBlob: true, webauthn:extension:largeBlob: true, webauthn:virtualAuthenticators: true}
Session ID: 12cef49f7c4eb5ddee7613dfea7e2acd]]>
            </message>
            <full-stacktrace>
              <![CDATA[org.openqa.selenium.NoSuchElementException: no such element: Unable to locate element: {"method":"xpath","selector":"//*[@id='degreeId']"}
  (Session info: chrome=110.0.5481.178)
For documentation on this error, please visit: https://selenium.dev/exceptions/#no_such_element
Build info: version: '4.7.2', revision: '4d4020c3b7'
System info: os.name: 'Windows 10', os.arch: 'amd64', os.version: '10.0', java.version: '11.0.9'
Driver info: org.openqa.selenium.chrome.ChromeDriver
Command: [12cef49f7c4eb5ddee7613dfea7e2acd, findElement {using=xpath, value=//*[@id='degreeId']}]
Capabilities {acceptInsecureCerts: false, browserName: chrome, browserVersion: 110.0.5481.178, chrome: {chromedriverVersion: 110.0.5481.77 (65ed616c6e8e..., userDataDir: C:\Users\angap\AppData\Loca...}, goog:chromeOptions: {debuggerAddress: localhost:61169}, networkConnectionEnabled: false, pageLoadStrategy: normal, platformName: WINDOWS, proxy: Proxy(), se:cdp: ws://localhost:61169/devtoo..., se:cdpVersion: 110.0.5481.178, setWindowRect: true, strictFileInteractability: false, timeouts: {implicit: 0, pageLoad: 300000, script: 30000}, unhandledPromptBehavior: dismiss and notify, webauthn:extension:credBlob: true, webauthn:extension:largeBlob: true, webauthn:virtualAuthenticators: true}
Session ID: 12cef49f7c4eb5ddee7613dfea7e2acd
at jdk.internal.reflect.GeneratedConstructorAccessor20.newInstance(Unknown Source)
at java.base/jdk.internal.reflect.DelegatingConstructorAccessorImpl.newInstance(DelegatingConstructorAccessorImpl.java:45)
at java.base/java.lang.reflect.Constructor.newInstance(Constructor.java:490)
at org.openqa.selenium.remote.codec.w3c.W3CHttpResponseCodec.createException(W3CHttpResponseCodec.java:200)
at org.openqa.selenium.remote.codec.w3c.W3CHttpResponseCodec.decode(W3CHttpResponseCodec.java:133)
at org.openqa.selenium.remote.codec.w3c.W3CHttpResponseCodec.decode(W3CHttpResponseCodec.java:53)
at org.openqa.selenium.remote.HttpCommandExecutor.execute(HttpCommandExecutor.java:184)
at org.openqa.selenium.remote.service.DriverCommandExecutor.invokeExecute(DriverCommandExecutor.java:167)
at org.openqa.selenium.remote.service.DriverCommandExecutor.execute(DriverCommandExecutor.java:142)
at org.openqa.selenium.remote.RemoteWebDriver.execute(RemoteWebDriver.java:535)
at org.openqa.selenium.remote.ElementLocation$ElementFinder$2.findElement(ElementLocation.java:162)
at org.openqa.selenium.remote.ElementLocation.findElement(ElementLocation.java:60)
at org.openqa.selenium.remote.RemoteWebDriver.findElement(RemoteWebDriver.java:351)
at org.openqa.selenium.remote.RemoteWebDriver.findElement(RemoteWebDriver.java:343)
at com.hrms.Utils.ElementUtils.getElement(ElementUtils.java:79)
at com.hrms.Utils.ElementUtils.doSelectByVisibleText(ElementUtils.java:169)
at com.hrms.pageactions.masters.MastersEducation.CourseCheck(MastersEducation.java:234)
at com.hrms.masters.tests.MastersEducationTest.CourseTest(MastersEducationTest.java:42)
at java.base/jdk.internal.reflect.NativeMethodAccessorImpl.invoke0(Native Method)
at java.base/jdk.internal.reflect.NativeMethodAccessorImpl.invoke(NativeMethodAccessorImpl.java:62)
at java.base/jdk.internal.reflect.DelegatingMethodAccessorImpl.invoke(DelegatingMethodAccessorImpl.java:43)
at java.base/java.lang.reflect.Method.invoke(Method.java:566)
at org.testng.internal.MethodInvocationHelper.invokeMethod(MethodInvocationHelper.java:133)
at org.testng.internal.TestInvoker.invokeMethod(TestInvoker.java:598)
at org.testng.internal.TestInvoker.invokeTestMethod(TestInvoker.java:173)
at org.testng.internal.MethodRunner.runInSequence(MethodRunner.java:46)
at org.testng.internal.TestInvoker$MethodInvocationAgent.invoke(TestInvoker.java:824)
at org.testng.internal.TestInvoker.invokeTestMethods(TestInvoker.java:146)
at org.testng.internal.TestMethodWorker.invokeTestMethods(TestMethodWorker.java:146)
at org.testng.internal.TestMethodWorker.run(TestMethodWorker.java:128)
at java.base/java.util.ArrayList.forEach(ArrayList.java:1541)
at org.testng.TestRunner.privateRun(TestRunner.java:794)
at org.testng.TestRunner.run(TestRunner.java:596)
at org.testng.SuiteRunner.runTest(SuiteRunner.java:377)
at org.testng.SuiteRunner.runSequentially(SuiteRunner.java:371)
at org.testng.SuiteRunner.privateRun(SuiteRunner.java:332)
at org.testng.SuiteRunner.run(SuiteRunner.java:276)
at org.testng.SuiteRunnerWorker.runSuite(SuiteRunnerWorker.java:53)
at org.testng.SuiteRunnerWorker.run(SuiteRunnerWorker.java:96)
at org.testng.TestNG.runSuitesSequentially(TestNG.java:1212)
at org.testng.TestNG.runSuitesLocally(TestNG.java:1134)
at org.testng.TestNG.runSuites(TestNG.java:1063)
at org.testng.TestNG.run(TestNG.java:1031)
at org.testng.remote.AbstractRemoteTestNG.run(AbstractRemoteTestNG.java:115)
at org.testng.remote.RemoteTestNG.initAndRun(RemoteTestNG.java:251)
at org.testng.remote.RemoteTestNG.main(RemoteTestNG.java:77)
]]>
            </full-stacktrace>
          </exception> <!-- org.openqa.selenium.NoSuchElementException -->
          <reporter-output>
          </reporter-output>
        </test-method> <!-- CourseTest -->
        <test-method signature="CourseEditTest()[pri:5, instance:com.hrms.masters.tests.MastersEducationTest@4b34fff9]" started-at="2023-02-28T15:43:47 IST" name="CourseEditTest" finished-at="2023-02-28T15:44:37 IST" duration-ms="49610" status="PASS">
          <reporter-output>
          </reporter-output>
        </test-method> <!-- CourseEditTest -->
        <test-method is-config="true" signature="tearDown()[pri:0, instance:com.hrms.masters.tests.MastersEducationTest@4b34fff9]" started-at="2023-02-28T15:44:37 IST" name="tearDown" finished-at="2023-02-28T15:44:39 IST" duration-ms="2592" status="PASS">
          <reporter-output>
          </reporter-output>
        </test-method> <!-- tearDown -->
      </class> <!-- com.hrms.masters.tests.MastersEducationTest -->
      <class name="com.hrms.masters.tests.MastersPositionTest">
        <test-method is-config="true" signature="setup()[pri:0, instance:com.hrms.masters.tests.MastersPositionTest@1187c9e8]" started-at="2023-02-28T15:44:39 IST" name="setup" finished-at="2023-02-28T15:44:58 IST" duration-ms="18683" status="PASS">
          <reporter-output>
          </reporter-output>
        </test-method> <!-- setup -->
        <test-method is-config="true" signature="login()[pri:0, instance:com.hrms.masters.tests.MastersPositionTest@1187c9e8]" started-at="2023-02-28T15:44:58 IST" name="login" finished-at="2023-02-28T15:45:09 IST" duration-ms="10877" status="PASS">
          <reporter-output>
          </reporter-output>
        </test-method> <!-- login -->
        <test-method signature="JobLevelTest()[pri:0, instance:com.hrms.masters.tests.MastersPositionTest@1187c9e8]" started-at="2023-02-28T15:45:09 IST" name="JobLevelTest" finished-at="2023-02-28T15:45:23 IST" duration-ms="14617" status="PASS">
          <reporter-output>
          </reporter-output>
        </test-method> <!-- JobLevelTest -->
        <test-method signature="JobLevelEditTest()[pri:1, instance:com.hrms.masters.tests.MastersPositionTest@1187c9e8]" started-at="2023-02-28T15:45:23 IST" name="JobLevelEditTest" finished-at="2023-02-28T15:45:30 IST" duration-ms="6689" status="PASS">
          <reporter-output>
          </reporter-output>
        </test-method> <!-- JobLevelEditTest -->
        <test-method signature="DesignationTest()[pri:2, instance:com.hrms.masters.tests.MastersPositionTest@1187c9e8]" started-at="2023-02-28T15:45:30 IST" name="DesignationTest" finished-at="2023-02-28T15:45:58 IST" duration-ms="27969" status="FAIL">
          <exception class="org.openqa.selenium.NoSuchElementException">
            <message>
              <![CDATA[no such element: Unable to locate element: {"method":"xpath","selector":"//*[@id='levelId']"}
  (Session info: chrome=110.0.5481.178)
For documentation on this error, please visit: https://selenium.dev/exceptions/#no_such_element
Build info: version: '4.7.2', revision: '4d4020c3b7'
System info: os.name: 'Windows 10', os.arch: 'amd64', os.version: '10.0', java.version: '11.0.9'
Driver info: org.openqa.selenium.chrome.ChromeDriver
Command: [8d8761aadbefb7986d0af0deb1501514, findElement {using=xpath, value=//*[@id='levelId']}]
Capabilities {acceptInsecureCerts: false, browserName: chrome, browserVersion: 110.0.5481.178, chrome: {chromedriverVersion: 110.0.5481.77 (65ed616c6e8e..., userDataDir: C:\Users\angap\AppData\Loca...}, goog:chromeOptions: {debuggerAddress: localhost:61592}, networkConnectionEnabled: false, pageLoadStrategy: normal, platformName: WINDOWS, proxy: Proxy(), se:cdp: ws://localhost:61592/devtoo..., se:cdpVersion: 110.0.5481.178, setWindowRect: true, strictFileInteractability: false, timeouts: {implicit: 0, pageLoad: 300000, script: 30000}, unhandledPromptBehavior: dismiss and notify, webauthn:extension:credBlob: true, webauthn:extension:largeBlob: true, webauthn:virtualAuthenticators: true}
Session ID: 8d8761aadbefb7986d0af0deb1501514]]>
            </message>
            <full-stacktrace>
              <![CDATA[org.openqa.selenium.NoSuchElementException: no such element: Unable to locate element: {"method":"xpath","selector":"//*[@id='levelId']"}
  (Session info: chrome=110.0.5481.178)
For documentation on this error, please visit: https://selenium.dev/exceptions/#no_such_element
Build info: version: '4.7.2', revision: '4d4020c3b7'
System info: os.name: 'Windows 10', os.arch: 'amd64', os.version: '10.0', java.version: '11.0.9'
Driver info: org.openqa.selenium.chrome.ChromeDriver
Command: [8d8761aadbefb7986d0af0deb1501514, findElement {using=xpath, value=//*[@id='levelId']}]
Capabilities {acceptInsecureCerts: false, browserName: chrome, browserVersion: 110.0.5481.178, chrome: {chromedriverVersion: 110.0.5481.77 (65ed616c6e8e..., userDataDir: C:\Users\angap\AppData\Loca...}, goog:chromeOptions: {debuggerAddress: localhost:61592}, networkConnectionEnabled: false, pageLoadStrategy: normal, platformName: WINDOWS, proxy: Proxy(), se:cdp: ws://localhost:61592/devtoo..., se:cdpVersion: 110.0.5481.178, setWindowRect: true, strictFileInteractability: false, timeouts: {implicit: 0, pageLoad: 300000, script: 30000}, unhandledPromptBehavior: dismiss and notify, webauthn:extension:credBlob: true, webauthn:extension:largeBlob: true, webauthn:virtualAuthenticators: true}
Session ID: 8d8761aadbefb7986d0af0deb1501514
at jdk.internal.reflect.GeneratedConstructorAccessor20.newInstance(Unknown Source)
at java.base/jdk.internal.reflect.DelegatingConstructorAccessorImpl.newInstance(DelegatingConstructorAccessorImpl.java:45)
at java.base/java.lang.reflect.Constructor.newInstance(Constructor.java:490)
at org.openqa.selenium.remote.codec.w3c.W3CHttpResponseCodec.createException(W3CHttpResponseCodec.java:200)
at org.openqa.selenium.remote.codec.w3c.W3CHttpResponseCodec.decode(W3CHttpResponseCodec.java:133)
at org.openqa.selenium.remote.codec.w3c.W3CHttpResponseCodec.decode(W3CHttpResponseCodec.java:53)
at org.openqa.selenium.remote.HttpCommandExecutor.execute(HttpCommandExecutor.java:184)
at org.openqa.selenium.remote.service.DriverCommandExecutor.invokeExecute(DriverCommandExecutor.java:167)
at org.openqa.selenium.remote.service.DriverCommandExecutor.execute(DriverCommandExecutor.java:142)
at org.openqa.selenium.remote.RemoteWebDriver.execute(RemoteWebDriver.java:535)
at org.openqa.selenium.remote.ElementLocation$ElementFinder$2.findElement(ElementLocation.java:162)
at org.openqa.selenium.remote.ElementLocation.findElement(ElementLocation.java:60)
at org.openqa.selenium.remote.RemoteWebDriver.findElement(RemoteWebDriver.java:351)
at org.openqa.selenium.remote.RemoteWebDriver.findElement(RemoteWebDriver.java:343)
at com.hrms.Utils.ElementUtils.getElement(ElementUtils.java:79)
at com.hrms.Utils.ElementUtils.doSelectByVisibleText(ElementUtils.java:169)
at com.hrms.pageactions.masters.MastersPosition.DesignationCheck(MastersPosition.java:145)
at com.hrms.masters.tests.MastersPositionTest.DesignationTest(MastersPositionTest.java:29)
at java.base/jdk.internal.reflect.NativeMethodAccessorImpl.invoke0(Native Method)
at java.base/jdk.internal.reflect.NativeMethodAccessorImpl.invoke(NativeMethodAccessorImpl.java:62)
at java.base/jdk.internal.reflect.DelegatingMethodAccessorImpl.invoke(DelegatingMethodAccessorImpl.java:43)
at java.base/java.lang.reflect.Method.invoke(Method.java:566)
at org.testng.internal.MethodInvocationHelper.invokeMethod(MethodInvocationHelper.java:133)
at org.testng.internal.TestInvoker.invokeMethod(TestInvoker.java:598)
at org.testng.internal.TestInvoker.invokeTestMethod(TestInvoker.java:173)
at org.testng.internal.MethodRunner.runInSequence(MethodRunner.java:46)
at org.testng.internal.TestInvoker$MethodInvocationAgent.invoke(TestInvoker.java:824)
at org.testng.internal.TestInvoker.invokeTestMethods(TestInvoker.java:146)
at org.testng.internal.TestMethodWorker.invokeTestMethods(TestMethodWorker.java:146)
at org.testng.internal.TestMethodWorker.run(TestMethodWorker.java:128)
at java.base/java.util.ArrayList.forEach(ArrayList.java:1541)
at org.testng.TestRunner.privateRun(TestRunner.java:794)
at org.testng.TestRunner.run(TestRunner.java:596)
at org.testng.SuiteRunner.runTest(SuiteRunner.java:377)
at org.testng.SuiteRunner.runSequentially(SuiteRunner.java:371)
at org.testng.SuiteRunner.privateRun(SuiteRunner.java:332)
at org.testng.SuiteRunner.run(SuiteRunner.java:276)
at org.testng.SuiteRunnerWorker.runSuite(SuiteRunnerWorker.java:53)
at org.testng.SuiteRunnerWorker.run(SuiteRunnerWorker.java:96)
at org.testng.TestNG.runSuitesSequentially(TestNG.java:1212)
at org.testng.TestNG.runSuitesLocally(TestNG.java:1134)
at org.testng.TestNG.runSuites(TestNG.java:1063)
at org.testng.TestNG.run(TestNG.java:1031)
at org.testng.remote.AbstractRemoteTestNG.run(AbstractRemoteTestNG.java:115)
at org.testng.remote.RemoteTestNG.initAndRun(RemoteTestNG.java:251)
at org.testng.remote.RemoteTestNG.main(RemoteTestNG.java:77)
]]>
            </full-stacktrace>
          </exception> <!-- org.openqa.selenium.NoSuchElementException -->
          <reporter-output>
          </reporter-output>
        </test-method> <!-- DesignationTest -->
        <test-method signature="DesignationEditTest()[pri:3, instance:com.hrms.masters.tests.MastersPositionTest@1187c9e8]" started-at="2023-02-28T15:45:59 IST" name="DesignationEditTest" finished-at="2023-02-28T15:46:07 IST" duration-ms="8185" status="PASS">
          <reporter-output>
          </reporter-output>
        </test-method> <!-- DesignationEditTest -->
        <test-method signature="BusinessUnitTest()[pri:4, instance:com.hrms.masters.tests.MastersPositionTest@1187c9e8]" started-at="2023-02-28T15:46:07 IST" name="BusinessUnitTest" finished-at="2023-02-28T15:46:23 IST" duration-ms="15616" status="PASS">
          <reporter-output>
          </reporter-output>
        </test-method> <!-- BusinessUnitTest -->
        <test-method signature="BusinessUnitEditTest()[pri:5, instance:com.hrms.masters.tests.MastersPositionTest@1187c9e8]" started-at="2023-02-28T15:46:23 IST" name="BusinessUnitEditTest" finished-at="2023-02-28T15:46:29 IST" duration-ms="6238" status="PASS">
          <reporter-output>
          </reporter-output>
        </test-method> <!-- BusinessUnitEditTest -->
        <test-method signature="DepartmentTest()[pri:6, instance:com.hrms.masters.tests.MastersPositionTest@1187c9e8]" started-at="2023-02-28T15:46:29 IST" name="DepartmentTest" finished-at="2023-02-28T15:46:44 IST" duration-ms="14764" status="PASS">
          <reporter-output>
          </reporter-output>
        </test-method> <!-- DepartmentTest -->
        <test-method signature="DepartmentEditTest()[pri:7, instance:com.hrms.masters.tests.MastersPositionTest@1187c9e8]" started-at="2023-02-28T15:46:44 IST" name="DepartmentEditTest" finished-at="2023-02-28T15:46:53 IST" duration-ms="8940" status="PASS">
          <reporter-output>
          </reporter-output>
        </test-method> <!-- DepartmentEditTest -->
        <test-method signature="SubDepartmentTest()[pri:8, instance:com.hrms.masters.tests.MastersPositionTest@1187c9e8]" started-at="2023-02-28T15:46:53 IST" name="SubDepartmentTest" finished-at="2023-02-28T15:47:27 IST" duration-ms="34794" status="FAIL">
          <exception class="org.openqa.selenium.NoSuchElementException">
            <message>
              <![CDATA[no such element: Unable to locate element: {"method":"xpath","selector":"(//table)[1]//tr//td[text()= 'Information Technology']"}
  (Session info: chrome=110.0.5481.178)
For documentation on this error, please visit: https://selenium.dev/exceptions/#no_such_element
Build info: version: '4.7.2', revision: '4d4020c3b7'
System info: os.name: 'Windows 10', os.arch: 'amd64', os.version: '10.0', java.version: '11.0.9'
Driver info: org.openqa.selenium.chrome.ChromeDriver
Command: [8d8761aadbefb7986d0af0deb1501514, findElement {using=xpath, value=(//table)[1]//tr//td[text()= 'Information Technology']}]
Capabilities {acceptInsecureCerts: false, browserName: chrome, browserVersion: 110.0.5481.178, chrome: {chromedriverVersion: 110.0.5481.77 (65ed616c6e8e..., userDataDir: C:\Users\angap\AppData\Loca...}, goog:chromeOptions: {debuggerAddress: localhost:61592}, networkConnectionEnabled: false, pageLoadStrategy: normal, platformName: WINDOWS, proxy: Proxy(), se:cdp: ws://localhost:61592/devtoo..., se:cdpVersion: 110.0.5481.178, setWindowRect: true, strictFileInteractability: false, timeouts: {implicit: 0, pageLoad: 300000, script: 30000}, unhandledPromptBehavior: dismiss and notify, webauthn:extension:credBlob: true, webauthn:extension:largeBlob: true, webauthn:virtualAuthenticators: true}
Session ID: 8d8761aadbefb7986d0af0deb1501514]]>
            </message>
            <full-stacktrace>
              <![CDATA[org.openqa.selenium.NoSuchElementException: no such element: Unable to locate element: {"method":"xpath","selector":"(//table)[1]//tr//td[text()= 'Information Technology']"}
  (Session info: chrome=110.0.5481.178)
For documentation on this error, please visit: https://selenium.dev/exceptions/#no_such_element
Build info: version: '4.7.2', revision: '4d4020c3b7'
System info: os.name: 'Windows 10', os.arch: 'amd64', os.version: '10.0', java.version: '11.0.9'
Driver info: org.openqa.selenium.chrome.ChromeDriver
Command: [8d8761aadbefb7986d0af0deb1501514, findElement {using=xpath, value=(//table)[1]//tr//td[text()= 'Information Technology']}]
Capabilities {acceptInsecureCerts: false, browserName: chrome, browserVersion: 110.0.5481.178, chrome: {chromedriverVersion: 110.0.5481.77 (65ed616c6e8e..., userDataDir: C:\Users\angap\AppData\Loca...}, goog:chromeOptions: {debuggerAddress: localhost:61592}, networkConnectionEnabled: false, pageLoadStrategy: normal, platformName: WINDOWS, proxy: Proxy(), se:cdp: ws://localhost:61592/devtoo..., se:cdpVersion: 110.0.5481.178, setWindowRect: true, strictFileInteractability: false, timeouts: {implicit: 0, pageLoad: 300000, script: 30000}, unhandledPromptBehavior: dismiss and notify, webauthn:extension:credBlob: true, webauthn:extension:largeBlob: true, webauthn:virtualAuthenticators: true}
Session ID: 8d8761aadbefb7986d0af0deb1501514
at jdk.internal.reflect.GeneratedConstructorAccessor20.newInstance(Unknown Source)
at java.base/jdk.internal.reflect.DelegatingConstructorAccessorImpl.newInstance(DelegatingConstructorAccessorImpl.java:45)
at java.base/java.lang.reflect.Constructor.newInstance(Constructor.java:490)
at org.openqa.selenium.remote.codec.w3c.W3CHttpResponseCodec.createException(W3CHttpResponseCodec.java:200)
at org.openqa.selenium.remote.codec.w3c.W3CHttpResponseCodec.decode(W3CHttpResponseCodec.java:133)
at org.openqa.selenium.remote.codec.w3c.W3CHttpResponseCodec.decode(W3CHttpResponseCodec.java:53)
at org.openqa.selenium.remote.HttpCommandExecutor.execute(HttpCommandExecutor.java:184)
at org.openqa.selenium.remote.service.DriverCommandExecutor.invokeExecute(DriverCommandExecutor.java:167)
at org.openqa.selenium.remote.service.DriverCommandExecutor.execute(DriverCommandExecutor.java:142)
at org.openqa.selenium.remote.RemoteWebDriver.execute(RemoteWebDriver.java:535)
at org.openqa.selenium.remote.ElementLocation$ElementFinder$2.findElement(ElementLocation.java:162)
at org.openqa.selenium.remote.ElementLocation.findElement(ElementLocation.java:60)
at org.openqa.selenium.remote.RemoteWebDriver.findElement(RemoteWebDriver.java:351)
at org.openqa.selenium.remote.RemoteWebDriver.findElement(RemoteWebDriver.java:343)
at com.hrms.Utils.ElementUtils.getElement(ElementUtils.java:79)
at com.hrms.Utils.ElementUtils.doGetText(ElementUtils.java:115)
at com.hrms.pageactions.masters.MastersPosition.SubDepartmentCheck(MastersPosition.java:491)
at com.hrms.masters.tests.MastersPositionTest.SubDepartmentTest(MastersPositionTest.java:60)
at java.base/jdk.internal.reflect.NativeMethodAccessorImpl.invoke0(Native Method)
at java.base/jdk.internal.reflect.NativeMethodAccessorImpl.invoke(NativeMethodAccessorImpl.java:62)
at java.base/jdk.internal.reflect.DelegatingMethodAccessorImpl.invoke(DelegatingMethodAccessorImpl.java:43)
at java.base/java.lang.reflect.Method.invoke(Method.java:566)
at org.testng.internal.MethodInvocationHelper.invokeMethod(MethodInvocationHelper.java:133)
at org.testng.internal.TestInvoker.invokeMethod(TestInvoker.java:598)
at org.testng.internal.TestInvoker.invokeTestMethod(TestInvoker.java:173)
at org.testng.internal.MethodRunner.runInSequence(MethodRunner.java:46)
at org.testng.internal.TestInvoker$MethodInvocationAgent.invoke(TestInvoker.java:824)
at org.testng.internal.TestInvoker.invokeTestMethods(TestInvoker.java:146)
at org.testng.internal.TestMethodWorker.invokeTestMethods(TestMethodWorker.java:146)
at org.testng.internal.TestMethodWorker.run(TestMethodWorker.java:128)
at java.base/java.util.ArrayList.forEach(ArrayList.java:1541)
at org.testng.TestRunner.privateRun(TestRunner.java:794)
at org.testng.TestRunner.run(TestRunner.java:596)
at org.testng.SuiteRunner.runTest(SuiteRunner.java:377)
at org.testng.SuiteRunner.runSequentially(SuiteRunner.java:371)
at org.testng.SuiteRunner.privateRun(SuiteRunner.java:332)
at org.testng.SuiteRunner.run(SuiteRunner.java:276)
at org.testng.SuiteRunnerWorker.runSuite(SuiteRunnerWorker.java:53)
at org.testng.SuiteRunnerWorker.run(SuiteRunnerWorker.java:96)
at org.testng.TestNG.runSuitesSequentially(TestNG.java:1212)
at org.testng.TestNG.runSuitesLocally(TestNG.java:1134)
at org.testng.TestNG.runSuites(TestNG.java:1063)
at org.testng.TestNG.run(TestNG.java:1031)
at org.testng.remote.AbstractRemoteTestNG.run(AbstractRemoteTestNG.java:115)
at org.testng.remote.RemoteTestNG.initAndRun(RemoteTestNG.java:251)
at org.testng.remote.RemoteTestNG.main(RemoteTestNG.java:77)
]]>
            </full-stacktrace>
          </exception> <!-- org.openqa.selenium.NoSuchElementException -->
          <reporter-output>
          </reporter-output>
        </test-method> <!-- SubDepartmentTest -->
        <test-method signature="SubDepartmentEditTest()[pri:9, instance:com.hrms.masters.tests.MastersPositionTest@1187c9e8]" started-at="2023-02-28T15:47:28 IST" name="SubDepartmentEditTest" finished-at="2023-02-28T15:47:35 IST" duration-ms="7467" status="PASS">
          <reporter-output>
          </reporter-output>
        </test-method> <!-- SubDepartmentEditTest -->
        <test-method signature="CostCenterTest()[pri:10, instance:com.hrms.masters.tests.MastersPositionTest@1187c9e8]" started-at="2023-02-28T15:47:35 IST" name="CostCenterTest" finished-at="2023-02-28T15:47:49 IST" duration-ms="13355" status="PASS">
          <reporter-output>
          </reporter-output>
        </test-method> <!-- CostCenterTest -->
        <test-method signature="CostCenterEditTest()[pri:11, instance:com.hrms.masters.tests.MastersPositionTest@1187c9e8]" started-at="2023-02-28T15:47:49 IST" name="CostCenterEditTest" finished-at="2023-02-28T15:47:55 IST" duration-ms="6213" status="PASS">
          <reporter-output>
          </reporter-output>
        </test-method> <!-- CostCenterEditTest -->
        <test-method signature="CenterTest()[pri:12, instance:com.hrms.masters.tests.MastersPositionTest@1187c9e8]" started-at="2023-02-28T15:47:55 IST" name="CenterTest" finished-at="2023-02-28T15:48:22 IST" duration-ms="26870" status="FAIL">
          <exception class="org.openqa.selenium.NoSuchElementException">
            <message>
              <![CDATA[no such element: Unable to locate element: {"method":"xpath","selector":"//select[@id='costCenterId']"}
  (Session info: chrome=110.0.5481.178)
For documentation on this error, please visit: https://selenium.dev/exceptions/#no_such_element
Build info: version: '4.7.2', revision: '4d4020c3b7'
System info: os.name: 'Windows 10', os.arch: 'amd64', os.version: '10.0', java.version: '11.0.9'
Driver info: org.openqa.selenium.chrome.ChromeDriver
Command: [8d8761aadbefb7986d0af0deb1501514, findElement {using=xpath, value=//select[@id='costCenterId']}]
Capabilities {acceptInsecureCerts: false, browserName: chrome, browserVersion: 110.0.5481.178, chrome: {chromedriverVersion: 110.0.5481.77 (65ed616c6e8e..., userDataDir: C:\Users\angap\AppData\Loca...}, goog:chromeOptions: {debuggerAddress: localhost:61592}, networkConnectionEnabled: false, pageLoadStrategy: normal, platformName: WINDOWS, proxy: Proxy(), se:cdp: ws://localhost:61592/devtoo..., se:cdpVersion: 110.0.5481.178, setWindowRect: true, strictFileInteractability: false, timeouts: {implicit: 0, pageLoad: 300000, script: 30000}, unhandledPromptBehavior: dismiss and notify, webauthn:extension:credBlob: true, webauthn:extension:largeBlob: true, webauthn:virtualAuthenticators: true}
Session ID: 8d8761aadbefb7986d0af0deb1501514]]>
            </message>
            <full-stacktrace>
              <![CDATA[org.openqa.selenium.NoSuchElementException: no such element: Unable to locate element: {"method":"xpath","selector":"//select[@id='costCenterId']"}
  (Session info: chrome=110.0.5481.178)
For documentation on this error, please visit: https://selenium.dev/exceptions/#no_such_element
Build info: version: '4.7.2', revision: '4d4020c3b7'
System info: os.name: 'Windows 10', os.arch: 'amd64', os.version: '10.0', java.version: '11.0.9'
Driver info: org.openqa.selenium.chrome.ChromeDriver
Command: [8d8761aadbefb7986d0af0deb1501514, findElement {using=xpath, value=//select[@id='costCenterId']}]
Capabilities {acceptInsecureCerts: false, browserName: chrome, browserVersion: 110.0.5481.178, chrome: {chromedriverVersion: 110.0.5481.77 (65ed616c6e8e..., userDataDir: C:\Users\angap\AppData\Loca...}, goog:chromeOptions: {debuggerAddress: localhost:61592}, networkConnectionEnabled: false, pageLoadStrategy: normal, platformName: WINDOWS, proxy: Proxy(), se:cdp: ws://localhost:61592/devtoo..., se:cdpVersion: 110.0.5481.178, setWindowRect: true, strictFileInteractability: false, timeouts: {implicit: 0, pageLoad: 300000, script: 30000}, unhandledPromptBehavior: dismiss and notify, webauthn:extension:credBlob: true, webauthn:extension:largeBlob: true, webauthn:virtualAuthenticators: true}
Session ID: 8d8761aadbefb7986d0af0deb1501514
at jdk.internal.reflect.GeneratedConstructorAccessor20.newInstance(Unknown Source)
at java.base/jdk.internal.reflect.DelegatingConstructorAccessorImpl.newInstance(DelegatingConstructorAccessorImpl.java:45)
at java.base/java.lang.reflect.Constructor.newInstance(Constructor.java:490)
at org.openqa.selenium.remote.codec.w3c.W3CHttpResponseCodec.createException(W3CHttpResponseCodec.java:200)
at org.openqa.selenium.remote.codec.w3c.W3CHttpResponseCodec.decode(W3CHttpResponseCodec.java:133)
at org.openqa.selenium.remote.codec.w3c.W3CHttpResponseCodec.decode(W3CHttpResponseCodec.java:53)
at org.openqa.selenium.remote.HttpCommandExecutor.execute(HttpCommandExecutor.java:184)
at org.openqa.selenium.remote.service.DriverCommandExecutor.invokeExecute(DriverCommandExecutor.java:167)
at org.openqa.selenium.remote.service.DriverCommandExecutor.execute(DriverCommandExecutor.java:142)
at org.openqa.selenium.remote.RemoteWebDriver.execute(RemoteWebDriver.java:535)
at org.openqa.selenium.remote.ElementLocation$ElementFinder$2.findElement(ElementLocation.java:162)
at org.openqa.selenium.remote.ElementLocation.findElement(ElementLocation.java:60)
at org.openqa.selenium.remote.RemoteWebDriver.findElement(RemoteWebDriver.java:351)
at org.openqa.selenium.remote.RemoteWebDriver.findElement(RemoteWebDriver.java:343)
at com.hrms.Utils.ElementUtils.getElement(ElementUtils.java:79)
at com.hrms.Utils.ElementUtils.doSelectByVisibleText(ElementUtils.java:169)
at com.hrms.pageactions.masters.MastersPosition.CenterCheck(MastersPosition.java:655)
at com.hrms.masters.tests.MastersPositionTest.CenterTest(MastersPositionTest.java:82)
at java.base/jdk.internal.reflect.NativeMethodAccessorImpl.invoke0(Native Method)
at java.base/jdk.internal.reflect.NativeMethodAccessorImpl.invoke(NativeMethodAccessorImpl.java:62)
at java.base/jdk.internal.reflect.DelegatingMethodAccessorImpl.invoke(DelegatingMethodAccessorImpl.java:43)
at java.base/java.lang.reflect.Method.invoke(Method.java:566)
at org.testng.internal.MethodInvocationHelper.invokeMethod(MethodInvocationHelper.java:133)
at org.testng.internal.TestInvoker.invokeMethod(TestInvoker.java:598)
at org.testng.internal.TestInvoker.invokeTestMethod(TestInvoker.java:173)
at org.testng.internal.MethodRunner.runInSequence(MethodRunner.java:46)
at org.testng.internal.TestInvoker$MethodInvocationAgent.invoke(TestInvoker.java:824)
at org.testng.internal.TestInvoker.invokeTestMethods(TestInvoker.java:146)
at org.testng.internal.TestMethodWorker.invokeTestMethods(TestMethodWorker.java:146)
at org.testng.internal.TestMethodWorker.run(TestMethodWorker.java:128)
at java.base/java.util.ArrayList.forEach(ArrayList.java:1541)
at org.testng.TestRunner.privateRun(TestRunner.java:794)
at org.testng.TestRunner.run(TestRunner.java:596)
at org.testng.SuiteRunner.runTest(SuiteRunner.java:377)
at org.testng.SuiteRunner.runSequentially(SuiteRunner.java:371)
at org.testng.SuiteRunner.privateRun(SuiteRunner.java:332)
at org.testng.SuiteRunner.run(SuiteRunner.java:276)
at org.testng.SuiteRunnerWorker.runSuite(SuiteRunnerWorker.java:53)
at org.testng.SuiteRunnerWorker.run(SuiteRunnerWorker.java:96)
at org.testng.TestNG.runSuitesSequentially(TestNG.java:1212)
at org.testng.TestNG.runSuitesLocally(TestNG.java:1134)
at org.testng.TestNG.runSuites(TestNG.java:1063)
at org.testng.TestNG.run(TestNG.java:1031)
at org.testng.remote.AbstractRemoteTestNG.run(AbstractRemoteTestNG.java:115)
at org.testng.remote.RemoteTestNG.initAndRun(RemoteTestNG.java:251)
at org.testng.remote.RemoteTestNG.main(RemoteTestNG.java:77)
]]>
            </full-stacktrace>
          </exception> <!-- org.openqa.selenium.NoSuchElementException -->
          <reporter-output>
          </reporter-output>
        </test-method> <!-- CenterTest -->
        <test-method signature="CenterEditTest()[pri:13, instance:com.hrms.masters.tests.MastersPositionTest@1187c9e8]" started-at="2023-02-28T15:48:22 IST" name="CenterEditTest" finished-at="2023-02-28T15:48:29 IST" duration-ms="6533" status="PASS">
          <reporter-output>
          </reporter-output>
        </test-method> <!-- CenterEditTest -->
        <test-method signature="PositionCategoryTest()[pri:14, instance:com.hrms.masters.tests.MastersPositionTest@1187c9e8]" started-at="2023-02-28T15:48:29 IST" name="PositionCategoryTest" finished-at="2023-02-28T15:48:49 IST" duration-ms="20478" status="PASS">
          <reporter-output>
          </reporter-output>
        </test-method> <!-- PositionCategoryTest -->
        <test-method signature="PositionCategoryEditTest()[pri:15, instance:com.hrms.masters.tests.MastersPositionTest@1187c9e8]" started-at="2023-02-28T15:48:49 IST" name="PositionCategoryEditTest" finished-at="2023-02-28T15:48:55 IST" duration-ms="6333" status="PASS">
          <reporter-output>
          </reporter-output>
        </test-method> <!-- PositionCategoryEditTest -->
        <test-method signature="MarketDesignationTest()[pri:16, instance:com.hrms.masters.tests.MastersPositionTest@1187c9e8]" started-at="2023-02-28T15:48:55 IST" name="MarketDesignationTest" finished-at="2023-02-28T15:49:08 IST" duration-ms="12895" status="PASS">
          <reporter-output>
          </reporter-output>
        </test-method> <!-- MarketDesignationTest -->
        <test-method signature="MarketDesignationEditTest()[pri:17, instance:com.hrms.masters.tests.MastersPositionTest@1187c9e8]" started-at="2023-02-28T15:49:08 IST" name="MarketDesignationEditTest" finished-at="2023-02-28T15:49:17 IST" duration-ms="8755" status="PASS">
          <reporter-output>
          </reporter-output>
        </test-method> <!-- MarketDesignationEditTest -->
        <test-method is-config="true" signature="tearDown()[pri:0, instance:com.hrms.masters.tests.MastersPositionTest@1187c9e8]" started-at="2023-02-28T15:49:17 IST" name="tearDown" finished-at="2023-02-28T15:49:19 IST" duration-ms="2162" status="PASS">
          <reporter-output>
          </reporter-output>
        </test-method> <!-- tearDown -->
      </class> <!-- com.hrms.masters.tests.MastersPositionTest -->
    </test> <!-- HRMS automation masters -->
  </suite> <!-- HRMS -->
</testng-results>
